<?xml version="1.0" encoding="UTF-8"?>
<!-- Generated by org.testng.reporters.JUnitReportReporter -->
<testsuite hostname="LAPTOP-INQHA09L" failures="0" tests="1" name="SumValidation" time="0.917" errors="0" timestamp="2021-12-26T19:11:18 IST" skipped="0">
  <testcase classname="SumValidation" name="sumOfCourses" time="0.917"/>
  <system-out/>
</testsuite> <!-- SumValidation -->
